<?xml version="1.0" encoding="UTF-8"?>
<!-- Generated by org.testng.reporters.JUnitReportReporter -->
<testsuite hostname="localhost" name="homework1.SmokeTest3" tests="1" failures="0" timestamp="8 Mar 2014 08:34:13 GMT" time="3.099" errors="0">
  <testcase name="test" time="3.099" classname="homework1.SmokeTest3"/>
</testsuite> <!-- homework1.SmokeTest3 -->
