<?xml version="1.0" encoding="UTF-8"?>
<!-- Generated by org.testng.reporters.JUnitReportReporter -->
<testsuite hostname="luyao-PC" name="homework1.TestForOther" tests="1" failures="0" timestamp="4 Mar 2014 02:46:59 GMT" time="4.345" errors="0">
  <testcase name="inBox" time="4.345" classname="homework1.TestForOther"/>
</testsuite> <!-- homework1.TestForOther -->
