<?xml version="1.0" encoding="UTF-8"?>
<!-- Generated by org.testng.reporters.JUnitReportReporter -->
<testsuite hostname="luyao-PC" name="homework2.SmokeTest" tests="1" failures="0" timestamp="12 Mar 2014 06:42:31 GMT" time="20.876" errors="0">
  <testcase name="test" time="20.876" classname="homework2.SmokeTest"/>
</testsuite> <!-- homework2.SmokeTest -->
