<?xml version="1.0" encoding="UTF-8"?>
<!-- Generated by org.testng.reporters.JUnitReportReporter -->
<testsuite hostname="luyao-PC" name="homework2.SmokeTest" tests="1" failures="0" timestamp="11 Mar 2014 06:41:03 GMT" time="19.228" errors="0">
  <testcase name="test" time="19.228" classname="homework2.SmokeTest"/>
</testsuite> <!-- homework2.SmokeTest -->
