<?xml version="1.0" encoding="UTF-8"?>
<!-- Generated by org.testng.reporters.JUnitReportReporter -->
<testsuite hostname="luyao-PC" name="homework2.SmokeTest" tests="1" failures="0" timestamp="10 Mar 2014 03:47:38 GMT" time="5.771" errors="0">
  <testcase name="test" time="5.771" classname="homework2.SmokeTest"/>
</testsuite> <!-- homework2.SmokeTest -->
