<?xml version="1.0" encoding="UTF-8"?>
<!-- Generated by org.testng.reporters.JUnitReportReporter -->
<testsuite hostname="luyao-PC" name="homework1.SmokeTest1" tests="1" failures="0" timestamp="3 Mar 2014 04:40:42 GMT" time="20.902" errors="0">
  <testcase name="toInbox" time="20.902" classname="homework1.SmokeTest1"/>
</testsuite> <!-- homework1.SmokeTest1 -->
