<?xml version="1.0" encoding="UTF-8"?>
<!-- Generated by org.testng.reporters.JUnitReportReporter -->
<testsuite hostname="luyao-PC" name="homework1.SmokeTest1" tests="1" failures="0" timestamp="4 Mar 2014 02:21:11 GMT" time="32.533" errors="0">
  <testcase name="toInbox" time="32.533" classname="homework1.SmokeTest1"/>
</testsuite> <!-- homework1.SmokeTest1 -->
