<?xml version="1.0" encoding="UTF-8"?>
<!-- Generated by org.testng.reporters.JUnitReportReporter -->
<testsuite hostname="luyao-PC" name="homework1.SmokeTest1" tests="1" failures="0" timestamp="3 Mar 2014 06:33:25 GMT" time="8.438" errors="0">
  <testcase name="toInbox" time="8.438" classname="homework1.SmokeTest1"/>
</testsuite> <!-- homework1.SmokeTest1 -->
