<?xml version="1.0" encoding="UTF-8"?>
<!-- Generated by org.testng.reporters.JUnitReportReporter -->
<testsuite hostname="luyao-PC" name="homework1.SmokeTest2" tests="1" failures="0" timestamp="3 Mar 2014 04:40:42 GMT" time="46.876" errors="0">
  <testcase name="toOutbox" time="46.876" classname="homework1.SmokeTest2"/>
</testsuite> <!-- homework1.SmokeTest2 -->
