<?xml version="1.0" encoding="UTF-8"?>
<!-- Generated by org.testng.reporters.JUnitReportReporter -->
<testsuite hostname="localhost" name="homework1.SmokeTest1" tests="1" failures="0" timestamp="8 Mar 2014 08:34:13 GMT" time="13.626" errors="0">
  <testcase name="toInbox" time="13.626" classname="homework1.SmokeTest1"/>
</testsuite> <!-- homework1.SmokeTest1 -->
