<?xml version="1.0" encoding="UTF-8"?>
<!-- Generated by org.testng.reporters.JUnitReportReporter -->
<testsuite hostname="luyao-PC" name="homework1.SmokeTest1" tests="1" failures="0" timestamp="5 Mar 2014 05:44:04 GMT" time="14.949" errors="0">
  <testcase name="toInbox" time="14.949" classname="homework1.SmokeTest1"/>
</testsuite> <!-- homework1.SmokeTest1 -->
