<?xml version="1.0" encoding="UTF-8"?>
<!-- Generated by org.testng.reporters.JUnitReportReporter -->
<testsuite hostname="luyao-PC" name="homework1.SmokeTest1" tests="1" failures="0" timestamp="6 Mar 2014 03:46:51 GMT" time="17.445" errors="0">
  <testcase name="toInbox" time="17.445" classname="homework1.SmokeTest1"/>
</testsuite> <!-- homework1.SmokeTest1 -->
