<?xml version="1.0" encoding="UTF-8"?>
<!-- Generated by org.testng.reporters.JUnitReportReporter -->
<testsuite hostname="luyao-PC" name="homework1.SmokeTest3" tests="1" failures="0" timestamp="7 Mar 2014 02:59:24 GMT" time="3.085" errors="0">
  <testcase name="test" time="3.085" classname="homework1.SmokeTest3"/>
</testsuite> <!-- homework1.SmokeTest3 -->
